2024-01-27 19:38:05 | INFO     | Api:root:48 - None
2024-01-27 19:38:05 | INFO     | Api:root:49 - b''
2024-01-27 19:38:30 | INFO     | Api:root:48 - None
2024-01-27 19:38:30 | INFO     | Api:root:49 - b''
2024-01-27 19:38:31 | INFO     | Api:root:48 - None
2024-01-27 19:38:31 | INFO     | Api:root:49 - b''
2024-01-27 19:38:32 | INFO     | Api:root:48 - None
2024-01-27 19:38:32 | INFO     | Api:root:49 - b''
2024-01-27 19:38:32 | INFO     | Api:root:48 - None
2024-01-27 19:38:32 | INFO     | Api:root:49 - b''
2024-01-27 19:40:01 | INFO     | Api:root:48 - None
2024-01-27 19:40:01 | INFO     | Api:root:49 - b''
2024-01-27 19:40:02 | INFO     | Api:root:48 - None
2024-01-27 19:40:02 | INFO     | Api:root:49 - b''
2024-01-27 19:40:03 | INFO     | Api:root:48 - None
2024-01-27 19:40:03 | INFO     | Api:root:49 - b''
2024-01-27 19:40:03 | INFO     | Api:root:48 - None
2024-01-27 19:40:03 | INFO     | Api:root:49 - b''
2024-01-27 19:40:03 | INFO     | Api:root:48 - None
2024-01-27 19:40:03 | INFO     | Api:root:49 - b''
2024-01-27 19:40:48 | INFO     | Api:root:48 - None
2024-01-27 19:40:48 | INFO     | Api:root:49 - b''
2024-01-27 19:41:26 | Api:root:48 - None
2024-01-27 19:41:26 | Api:root:49 - b''
2024-01-27 19:42:02 | Api:root:49 - None
2024-01-27 19:42:02 | Api:root:50 - b''
2024-01-27 19:42:05 | Api:root:49 - None
2024-01-27 19:42:05 | Api:root:50 - b''
19:43:08 | Api:root:49 - None
19:43:08 | Api:root:50 - b''
20:35:01 | Api:root:49 - <starlette.responses.Response object at 0x1083c2790>
20:35:19 | Api:root:49 - <starlette.responses.Response object at 0x11103e310>
20:35:22 | Api:root:49 - <starlette.responses.Response object at 0x1114daa50>
20:35:45 | Api:root:49 - None
20:37:26 | Api:add_employee:48 - (psycopg2.errors.UniqueViolation) duplicate key value violates unique constraint "employee_pkey"
DETAIL:  Key (id)=(0) already exists.

[SQL: INSERT INTO employee (id, name, last_name, job_title) VALUES (%(id)s, %(name)s, %(last_name)s, %(job_title)s)]
[parameters: {'id': 0, 'name': 'HH', 'last_name': 'string', 'job_title': 'string'}]
(Background on this error at: https://sqlalche.me/e/20/gkpj)
20:38:07 | Api:add_employee:48 - (psycopg2.errors.UniqueViolation) duplicate key value violates unique constraint "employee_pkey"
DETAIL:  Key (id)=(0) already exists.

[SQL: INSERT INTO employee (id, name, last_name, job_title) VALUES (%(id)s, %(name)s, %(last_name)s, %(job_title)s)]
[parameters: {'id': 0, 'name': 'HH', 'last_name': 'string', 'job_title': 'string'}]
(Background on this error at: https://sqlalche.me/e/20/gkpj)
20:38:10 | Api:add_employee:48 - (psycopg2.errors.UniqueViolation) duplicate key value violates unique constraint "employee_pkey"
DETAIL:  Key (id)=(0) already exists.

[SQL: INSERT INTO employee (id, name, last_name, job_title) VALUES (%(id)s, %(name)s, %(last_name)s, %(job_title)s)]
[parameters: {'id': 0, 'name': 'HH', 'last_name': 'string', 'job_title': 'string'}]
(Background on this error at: https://sqlalche.me/e/20/gkpj)
20:38:11 | Api:add_employee:48 - (psycopg2.errors.UniqueViolation) duplicate key value violates unique constraint "employee_pkey"
DETAIL:  Key (id)=(0) already exists.

[SQL: INSERT INTO employee (id, name, last_name, job_title) VALUES (%(id)s, %(name)s, %(last_name)s, %(job_title)s)]
[parameters: {'id': 0, 'name': 'HH', 'last_name': 'string', 'job_title': 'string'}]
(Background on this error at: https://sqlalche.me/e/20/gkpj)
20:39:15 | Api:add_employee:48 - IntegrityError('(psycopg2.errors.UniqueViolation) duplicate key value violates unique constraint "employee_pkey"\nDETAIL:  Key (id)=(0) already exists.\n')
20:39:15 | Api:add_employee:49 - User Already Exist
20:39:49 | Api:add_employee:48 - AttributeError("'BASE_Employee' object has no attribute 'id'")
20:39:49 | Api:add_employee:49 - User Already Exist
20:39:51 | Api:add_employee:48 - AttributeError("'BASE_Employee' object has no attribute 'id'")
20:39:51 | Api:add_employee:49 - User Already Exist
20:39:51 | Api:add_employee:48 - AttributeError("'BASE_Employee' object has no attribute 'id'")
20:39:51 | Api:add_employee:49 - User Already Exist
20:39:52 | Api:add_employee:48 - AttributeError("'BASE_Employee' object has no attribute 'id'")
20:39:52 | Api:add_employee:49 - User Already Exist
20:39:57 | Api:add_employee:48 - AttributeError("'BASE_Employee' object has no attribute 'id'")
20:39:57 | Api:add_employee:49 - User Already Exist
20:58:07 | Api:search_employee:61 - None
20:58:09 | Api:search_employee:61 - None
20:59:20 | Api:search_employee:61 - <Models.Employee object at 0x108833a90>
21:00:02 | Api:search_employee:61 - <Models.Employee object at 0x1036ca2d0>
21:00:09 | Api:search_employee:61 - <Models.Employee object at 0x104b0f1d0>
21:04:05 | Api:search_employee:62 - [<Models.Employee object at 0x10e016690>]
21:04:15 | Api:search_employee:62 - []
21:04:59 | Api:search_employee:62 - []
21:05:48 | Api:search_employee:62 - []
21:05:56 | Api:search_employee:62 - [<Models.Employee object at 0x107212c10>]
